Using pre-set license
Built from '2021.3/staging' branch; Version is '2021.3.9f1 (ad3870b89536) revision 11352176'; Using compiler version '192829333'; Build Type 'Release'
OS: 'Windows 11  (10.0.22000) 64bit Professional' Language: 'en' Physical Memory: 16223 MB
BatchMode: 1, IsHumanControllingUs: 0, StartBugReporterOnCrash: 0, Is64bit: 1, IsPro: 1

COMMAND LINE ARGUMENTS:
C:\Program Files\Unity 2021.3.9f1\Editor\Unity.exe
-adb2
-batchMode
-noUpm
-name
AssetImportWorker0
-projectPath
D:/Sontt/My project/Tetris/Tetris
-logFile
Logs/AssetImportWorker0.log
-srvPort
62318
Successfully changed project path to: D:/Sontt/My project/Tetris/Tetris
D:/Sontt/My project/Tetris/Tetris
[UnityMemory] Configuration Parameters - Can be set up in boot.config
    "memorysetup-bucket-allocator-granularity=16"
    "memorysetup-bucket-allocator-bucket-count=8"
    "memorysetup-bucket-allocator-block-size=33554432"
    "memorysetup-bucket-allocator-block-count=8"
    "memorysetup-main-allocator-block-size=16777216"
    "memorysetup-thread-allocator-block-size=16777216"
    "memorysetup-gfx-main-allocator-block-size=16777216"
    "memorysetup-gfx-thread-allocator-block-size=16777216"
    "memorysetup-cache-allocator-block-size=4194304"
    "memorysetup-typetree-allocator-block-size=2097152"
    "memorysetup-profiler-bucket-allocator-granularity=16"
    "memorysetup-profiler-bucket-allocator-bucket-count=8"
    "memorysetup-profiler-bucket-allocator-block-size=33554432"
    "memorysetup-profiler-bucket-allocator-block-count=8"
    "memorysetup-profiler-allocator-block-size=16777216"
    "memorysetup-profiler-editor-allocator-block-size=1048576"
    "memorysetup-temp-allocator-size-main=16777216"
    "memorysetup-job-temp-allocator-block-size=2097152"
    "memorysetup-job-temp-allocator-block-size-background=1048576"
    "memorysetup-job-temp-allocator-reduction-small-platforms=262144"
    "memorysetup-temp-allocator-size-background-worker=32768"
    "memorysetup-temp-allocator-size-job-worker=262144"
    "memorysetup-temp-allocator-size-preload-manager=33554432"
    "memorysetup-temp-allocator-size-nav-mesh-worker=65536"
    "memorysetup-temp-allocator-size-audio-worker=65536"
    "memorysetup-temp-allocator-size-cloud-worker=32768"
    "memorysetup-temp-allocator-size-gi-baking-worker=262144"
    "memorysetup-temp-allocator-size-gfx=262144"
Refreshing native plugins compatible for Editor in 124.12 ms, found 4 plugins.
Preloading 0 native plugins for Editor in 0.00 ms.
Initialize engine version: 2021.3.9f1 (ad3870b89536)
[Subsystems] Discovering subsystems at path C:/Program Files/Unity 2021.3.9f1/Editor/Data/Resources/UnitySubsystems
[Subsystems] Discovering subsystems at path D:/Sontt/My project/Tetris/Tetris/Assets
GfxDevice: creating device client; threaded=0; jobified=0
Direct3D:
    Version:  Direct3D 11.0 [level 11.1]
    Renderer: Intel(R) UHD Graphics 630 (ID=0x9bc8)
    Vendor:   Intel
    VRAM:     8111 MB
    Driver:   31.0.101.2111
Initialize mono
Mono path[0] = 'C:/Program Files/Unity 2021.3.9f1/Editor/Data/Managed'
Mono path[1] = 'C:/Program Files/Unity 2021.3.9f1/Editor/Data/MonoBleedingEdge/lib/mono/unityjit-win32'
Mono config path = 'C:/Program Files/Unity 2021.3.9f1/Editor/Data/MonoBleedingEdge/etc'
Using monoOptions --debugger-agent=transport=dt_socket,embedding=1,server=y,suspend=n,address=127.0.0.1:56872
Begin MonoManager ReloadAssembly
Registering precompiled unity dll's ...
Register platform support module: C:/Program Files/Unity 2021.3.9f1/Editor/Data/PlaybackEngines/AndroidPlayer/UnityEditor.Android.Extensions.dll
Register platform support module: C:/Program Files/Unity 2021.3.9f1/Editor/Data/PlaybackEngines/WindowsStandaloneSupport/UnityEditor.WindowsStandalone.Extensions.dll
Registered in 0.004466 seconds.
Native extension for WindowsStandalone target not found
Native extension for Android target not found
Refreshing native plugins compatible for Editor in 97.07 ms, found 4 plugins.
Preloading 0 native plugins for Editor in 0.00 ms.
Mono: successfully reloaded assembly
- Completed reload, in  0.861 seconds
Domain Reload Profiling:
	ReloadAssembly (861ms)
		BeginReloadAssembly (120ms)
			ExecutionOrderSort (0ms)
			DisableScriptedObjects (0ms)
			BackupInstance (0ms)
			ReleaseScriptingObjects (0ms)
			CreateAndSetChildDomain (1ms)
		EndReloadAssembly (628ms)
			LoadAssemblies (117ms)
			RebuildTransferFunctionScriptingTraits (0ms)
			SetupTypeCache (164ms)
			ReleaseScriptCaches (0ms)
			RebuildScriptCaches (49ms)
			SetupLoadedEditorAssemblies (327ms)
				LogAssemblyErrors (0ms)
				InitializePlatformSupportModulesInManaged (51ms)
				SetLoadedEditorAssemblies (0ms)
				RefreshPlugins (97ms)
				BeforeProcessingInitializeOnLoad (2ms)
				ProcessInitializeOnLoadAttributes (117ms)
				ProcessInitializeOnLoadMethodAttributes (59ms)
				AfterProcessingInitializeOnLoad (0ms)
				EditorAssembliesLoaded (0ms)
			ExecutionOrderSort2 (0ms)
			AwakeInstancesAfterBackupRestoration (0ms)
Platform modules already initialized, skipping
Registering precompiled user dll's ...
Registered in 0.005875 seconds.
Begin MonoManager ReloadAssembly
Symbol file LoadedFromMemory doesn't match image D:\Sontt\My project\Tetris\Tetris\Library\PackageCache\com.unity.visualscripting@1.7.8\Editor\VisualScripting.Core\Dependencies\YamlDotNet\Unity.VisualScripting.YamlDotNet.dll
Symbol file LoadedFromMemory doesn't match image D:\Sontt\My project\Tetris\Tetris\Library\PackageCache\com.unity.visualscripting@1.7.8\Editor\VisualScripting.Core\Dependencies\DotNetZip\Unity.VisualScripting.IonicZip.dll
Native extension for WindowsStandalone target not found
Native extension for Android target not found
Refreshing native plugins compatible for Editor in 110.97 ms, found 4 plugins.
Preloading 0 native plugins for Editor in 0.00 ms.
Mono: successfully reloaded assembly
- Completed reload, in  1.601 seconds
Domain Reload Profiling:
	ReloadAssembly (1602ms)
		BeginReloadAssembly (172ms)
			ExecutionOrderSort (0ms)
			DisableScriptedObjects (13ms)
			BackupInstance (0ms)
			ReleaseScriptingObjects (0ms)
			CreateAndSetChildDomain (30ms)
		EndReloadAssembly (1302ms)
			LoadAssemblies (116ms)
			RebuildTransferFunctionScriptingTraits (0ms)
			SetupTypeCache (375ms)
			ReleaseScriptCaches (1ms)
			RebuildScriptCaches (69ms)
			SetupLoadedEditorAssemblies (674ms)
				LogAssemblyErrors (0ms)
				InitializePlatformSupportModulesInManaged (15ms)
				SetLoadedEditorAssemblies (0ms)
				RefreshPlugins (111ms)
				BeforeProcessingInitializeOnLoad (169ms)
				ProcessInitializeOnLoadAttributes (322ms)
				ProcessInitializeOnLoadMethodAttributes (51ms)
				AfterProcessingInitializeOnLoad (5ms)
				EditorAssembliesLoaded (0ms)
			ExecutionOrderSort2 (0ms)
			AwakeInstancesAfterBackupRestoration (5ms)
Platform modules already initialized, skipping
========================================================================
Worker process is ready to serve import requests
Launched and connected shader compiler UnityShaderCompiler.exe after 0.06 seconds
Refreshing native plugins compatible for Editor in 1.14 ms, found 4 plugins.
Preloading 0 native plugins for Editor in 0.00 ms.
Unloading 4070 Unused Serialized files (Serialized files now loaded: 0)
Unloading 44 unused Assets / (223.7 KB). Loaded Objects now: 4523.
Memory consumption went from 151.4 MB to 151.2 MB.
Total: 4.745900 ms (FindLiveObjects: 0.771700 ms CreateObjectMapping: 0.561200 ms MarkObjects: 3.255400 ms  DeleteObjects: 0.156400 ms)

AssetImportParameters requested are different than current active one (requested -> active):
  custom:video-decoder-ogg-theora: a1e56fd34408186e4bbccfd4996cb3dc -> 
  custom:container-muxer-webm: aa71ff27fc2769a1b78a27578f13a17b -> 
  custom:container-demuxer-webm: 4f35f7cbe854078d1ac9338744f61a02 -> 
  custom:video-encoder-webm-vp8: eb34c28f22e8b96e1ab97ce403110664 -> 
  custom:audio-encoder-webm-vorbis: bf7c407c2cedff20999df2af8eb42d56 -> 
  custom:framework-win-MediaFoundation: 216162199b28c13a410421893ffa2e32 -> 
  custom:container-demuxer-ogg: 62fdf1f143b41e24485cea50d1cbac27 -> 
  custom:video-decoder-webm-vp8: 9c59270c3fd7afecdb556c50c9e8de78 -> 
  custom:audio-decoder-ogg-vorbis: bf7c407c2cedff20999df2af8eb42d56 -> 
========================================================================
Received Import Request.
  Time since last request: 572022.197301 seconds.
  path: Assets/Sprites/roundedBlock.png
  artifactKey: Guid(1698dc0dee7f13548ab9ec8547d6f734) Importer(815301076,1909f56bfc062723c751e8b465ee728b)
Start importing Assets/Sprites/roundedBlock.png using Guid(1698dc0dee7f13548ab9ec8547d6f734) Importer(815301076,1909f56bfc062723c751e8b465ee728b)  -> (artifact id: 'def8e4e203a83ffd058aa6d060b34076') in 0.157506 seconds 
========================================================================
Received Import Request.
  Time since last request: 395.306587 seconds.
  path: Assets/Scripts/Core/Shape.cs
  artifactKey: Guid(b963539b424ef094da737fa80dffeb2e) Importer(815301076,1909f56bfc062723c751e8b465ee728b)
Start importing Assets/Scripts/Core/Shape.cs using Guid(b963539b424ef094da737fa80dffeb2e) Importer(815301076,1909f56bfc062723c751e8b465ee728b)  -> (artifact id: '7897a223a90c8741e07c024226a1256c') in 0.021726 seconds 
========================================================================
Received Prepare
Registering precompiled user dll's ...
Registered in 0.004637 seconds.
Begin MonoManager ReloadAssembly
Symbol file LoadedFromMemory doesn't match image D:\Sontt\My project\Tetris\Tetris\Library\PackageCache\com.unity.visualscripting@1.7.8\Editor\VisualScripting.Core\Dependencies\YamlDotNet\Unity.VisualScripting.YamlDotNet.dll
Symbol file LoadedFromMemory doesn't match image D:\Sontt\My project\Tetris\Tetris\Library\PackageCache\com.unity.visualscripting@1.7.8\Editor\VisualScripting.Core\Dependencies\DotNetZip\Unity.VisualScripting.IonicZip.dll
Native extension for WindowsStandalone target not found
Native extension for Android target not found
Refreshing native plugins compatible for Editor in 0.67 ms, found 4 plugins.
Preloading 0 native plugins for Editor in 0.00 ms.
Mono: successfully reloaded assembly
- Completed reload, in  1.619 seconds
Domain Reload Profiling:
	ReloadAssembly (1620ms)
		BeginReloadAssembly (247ms)
			ExecutionOrderSort (0ms)
			DisableScriptedObjects (10ms)
			BackupInstance (0ms)
			ReleaseScriptingObjects (0ms)
			CreateAndSetChildDomain (80ms)
		EndReloadAssembly (1148ms)
			LoadAssemblies (178ms)
			RebuildTransferFunctionScriptingTraits (0ms)
			SetupTypeCache (416ms)
			ReleaseScriptCaches (2ms)
			RebuildScriptCaches (70ms)
			SetupLoadedEditorAssemblies (463ms)
				LogAssemblyErrors (0ms)
				InitializePlatformSupportModulesInManaged (25ms)
				SetLoadedEditorAssemblies (1ms)
				RefreshPlugins (1ms)
				BeforeProcessingInitializeOnLoad (86ms)
				ProcessInitializeOnLoadAttributes (286ms)
				ProcessInitializeOnLoadMethodAttributes (58ms)
				AfterProcessingInitializeOnLoad (6ms)
				EditorAssembliesLoaded (0ms)
			ExecutionOrderSort2 (0ms)
			AwakeInstancesAfterBackupRestoration (9ms)
Platform modules already initialized, skipping
Refreshing native plugins compatible for Editor in 1.83 ms, found 4 plugins.
Preloading 0 native plugins for Editor in 0.00 ms.
Unloading 4066 Unused Serialized files (Serialized files now loaded: 0)
Unloading 31 unused Assets / (191.0 KB). Loaded Objects now: 4534.
Memory consumption went from 155.8 MB to 155.6 MB.
Total: 4.981000 ms (FindLiveObjects: 0.743300 ms CreateObjectMapping: 0.571900 ms MarkObjects: 3.403100 ms  DeleteObjects: 0.260500 ms)

AssetImportParameters requested are different than current active one (requested -> active):
  custom:video-decoder-ogg-theora: a1e56fd34408186e4bbccfd4996cb3dc -> 
  custom:container-muxer-webm: aa71ff27fc2769a1b78a27578f13a17b -> 
  custom:container-demuxer-webm: 4f35f7cbe854078d1ac9338744f61a02 -> 
  custom:video-encoder-webm-vp8: eb34c28f22e8b96e1ab97ce403110664 -> 
  custom:audio-encoder-webm-vorbis: bf7c407c2cedff20999df2af8eb42d56 -> 
  custom:framework-win-MediaFoundation: 216162199b28c13a410421893ffa2e32 -> 
  custom:container-demuxer-ogg: 62fdf1f143b41e24485cea50d1cbac27 -> 
  custom:video-decoder-webm-vp8: 9c59270c3fd7afecdb556c50c9e8de78 -> 
  custom:audio-decoder-ogg-vorbis: bf7c407c2cedff20999df2af8eb42d56 -> 
========================================================================
Received Import Request.
  Time since last request: 236.898534 seconds.
  path: Assets/Prefabs/ShapeJ.prefab
  artifactKey: Guid(ee2a1c4e43cc63d409707ccd23a929f3) Importer(815301076,1909f56bfc062723c751e8b465ee728b)
Start importing Assets/Prefabs/ShapeJ.prefab using Guid(ee2a1c4e43cc63d409707ccd23a929f3) Importer(815301076,1909f56bfc062723c751e8b465ee728b)  -> (artifact id: 'd62675a219d63405c61c8082c2ab20cc') in 0.119816 seconds 
========================================================================
Received Import Request.
  Time since last request: 47.355584 seconds.
  path: Assets/Prefabs/ShapeL.prefab
  artifactKey: Guid(3858d84f47b53064e90ea5e122890f89) Importer(815301076,1909f56bfc062723c751e8b465ee728b)
Start importing Assets/Prefabs/ShapeL.prefab using Guid(3858d84f47b53064e90ea5e122890f89) Importer(815301076,1909f56bfc062723c751e8b465ee728b)  -> (artifact id: 'a171d53fb2b0793efb390551bb210403') in 0.047278 seconds 
========================================================================
Received Import Request.
  Time since last request: 83.983525 seconds.
  path: Assets/Prefabs/ShapeT.prefab
  artifactKey: Guid(14f582b42a3c52d408c57c16989a7e3e) Importer(815301076,1909f56bfc062723c751e8b465ee728b)
Start importing Assets/Prefabs/ShapeT.prefab using Guid(14f582b42a3c52d408c57c16989a7e3e) Importer(815301076,1909f56bfc062723c751e8b465ee728b)  -> (artifact id: '333da57591b36946c8082a904079cd52') in 0.033095 seconds 
========================================================================
Received Import Request.
  Time since last request: 30.678912 seconds.
  path: Assets/Prefabs/ShapeS.prefab
  artifactKey: Guid(d456237d8800be24a8cd1c98ef1e5562) Importer(815301076,1909f56bfc062723c751e8b465ee728b)
Start importing Assets/Prefabs/ShapeS.prefab using Guid(d456237d8800be24a8cd1c98ef1e5562) Importer(815301076,1909f56bfc062723c751e8b465ee728b)  -> (artifact id: '2245b397586e490a6a5c9772b65963a2') in 0.027783 seconds 
========================================================================
Received Import Request.
  Time since last request: 58.575457 seconds.
  path: Assets/Prefabs/ShapeZ.prefab
  artifactKey: Guid(30724c87f5633ae40a3d5a536ee3872e) Importer(815301076,1909f56bfc062723c751e8b465ee728b)
Start importing Assets/Prefabs/ShapeZ.prefab using Guid(30724c87f5633ae40a3d5a536ee3872e) Importer(815301076,1909f56bfc062723c751e8b465ee728b)  -> (artifact id: '2c66266775032992ae571705a57ecd33') in 0.023790 seconds 
========================================================================
Received Import Request.
  Time since last request: 36.813787 seconds.
  path: Assets/Prefabs/ShapeO.prefab
  artifactKey: Guid(4869ad2417b483f4da4d0c6565202ed0) Importer(815301076,1909f56bfc062723c751e8b465ee728b)
Start importing Assets/Prefabs/ShapeO.prefab using Guid(4869ad2417b483f4da4d0c6565202ed0) Importer(815301076,1909f56bfc062723c751e8b465ee728b)  -> (artifact id: 'e2321ac849c8429c7bb022710fe4a820') in 0.027168 seconds 
========================================================================
Received Import Request.
  Time since last request: 63.744433 seconds.
  path: Assets/Prefabs/ShapeI.prefab
  artifactKey: Guid(f44dc28565dfb374c85151de5257f0c2) Importer(815301076,1909f56bfc062723c751e8b465ee728b)
Start importing Assets/Prefabs/ShapeI.prefab using Guid(f44dc28565dfb374c85151de5257f0c2) Importer(815301076,1909f56bfc062723c751e8b465ee728b)  -> (artifact id: '2c947f0a0460689581c19e055d0ba581') in 0.023179 seconds 
========================================================================
Received Import Request.
  Time since last request: 351.088072 seconds.
  path: Assets/Prefabs/ShapeI.prefab
  artifactKey: Guid(f44dc28565dfb374c85151de5257f0c2) Importer(815301076,1909f56bfc062723c751e8b465ee728b)
Start importing Assets/Prefabs/ShapeI.prefab using Guid(f44dc28565dfb374c85151de5257f0c2) Importer(815301076,1909f56bfc062723c751e8b465ee728b)  -> (artifact id: '7a543cc25bd19b08c1262497eb7356eb') in 0.022181 seconds 
========================================================================
Received Import Request.
  Time since last request: 0.322170 seconds.
  path: Assets/Prefabs/ShapeL.prefab
  artifactKey: Guid(3858d84f47b53064e90ea5e122890f89) Importer(815301076,1909f56bfc062723c751e8b465ee728b)
Start importing Assets/Prefabs/ShapeL.prefab using Guid(3858d84f47b53064e90ea5e122890f89) Importer(815301076,1909f56bfc062723c751e8b465ee728b)  -> (artifact id: 'fca98ffe7ba63dc92e05222e68b5eee7') in 0.016161 seconds 
========================================================================
Received Import Request.
  Time since last request: 0.885441 seconds.
  path: Assets/Prefabs/ShapeJ.prefab
  artifactKey: Guid(ee2a1c4e43cc63d409707ccd23a929f3) Importer(815301076,1909f56bfc062723c751e8b465ee728b)
Start importing Assets/Prefabs/ShapeJ.prefab using Guid(ee2a1c4e43cc63d409707ccd23a929f3) Importer(815301076,1909f56bfc062723c751e8b465ee728b)  -> (artifact id: '5e08be5373b66e683c55c4a1d8f9a5b0') in 0.020826 seconds 
========================================================================
Received Import Request.
  Time since last request: 0.208526 seconds.
  path: Assets/Prefabs/ShapeO.prefab
  artifactKey: Guid(4869ad2417b483f4da4d0c6565202ed0) Importer(815301076,1909f56bfc062723c751e8b465ee728b)
Start importing Assets/Prefabs/ShapeO.prefab using Guid(4869ad2417b483f4da4d0c6565202ed0) Importer(815301076,1909f56bfc062723c751e8b465ee728b)  -> (artifact id: 'fc6f02c09ac24a7f6eb15260526bd7dd') in 0.030528 seconds 
========================================================================
Received Import Request.
  Time since last request: 0.181674 seconds.
  path: Assets/Prefabs/ShapeT.prefab
  artifactKey: Guid(14f582b42a3c52d408c57c16989a7e3e) Importer(815301076,1909f56bfc062723c751e8b465ee728b)
Start importing Assets/Prefabs/ShapeT.prefab using Guid(14f582b42a3c52d408c57c16989a7e3e) Importer(815301076,1909f56bfc062723c751e8b465ee728b)  -> (artifact id: 'dad64e858604e4b67da3384daafbd46b') in 0.020551 seconds 
========================================================================
Received Import Request.
  Time since last request: 27.047178 seconds.
  path: Assets/Prefabs/ShapeS.prefab
  artifactKey: Guid(d456237d8800be24a8cd1c98ef1e5562) Importer(815301076,1909f56bfc062723c751e8b465ee728b)
Start importing Assets/Prefabs/ShapeS.prefab using Guid(d456237d8800be24a8cd1c98ef1e5562) Importer(815301076,1909f56bfc062723c751e8b465ee728b)  -> (artifact id: '67f784a725ea181d3ec1b92e6fb791dd') in 0.040725 seconds 
========================================================================
Received Import Request.
  Time since last request: 53.162556 seconds.
  path: Assets/Prefabs/ShapeT.prefab
  artifactKey: Guid(14f582b42a3c52d408c57c16989a7e3e) Importer(815301076,1909f56bfc062723c751e8b465ee728b)
Start importing Assets/Prefabs/ShapeT.prefab using Guid(14f582b42a3c52d408c57c16989a7e3e) Importer(815301076,1909f56bfc062723c751e8b465ee728b)  -> (artifact id: '8a713900bcd01dc4dffe6d945c689419') in 0.036423 seconds 
========================================================================
Received Import Request.
  Time since last request: 0.314496 seconds.
  path: Assets/Prefabs/ShapeZ.prefab
  artifactKey: Guid(30724c87f5633ae40a3d5a536ee3872e) Importer(815301076,1909f56bfc062723c751e8b465ee728b)
Start importing Assets/Prefabs/ShapeZ.prefab using Guid(30724c87f5633ae40a3d5a536ee3872e) Importer(815301076,1909f56bfc062723c751e8b465ee728b)  -> (artifact id: '37390e0783652f30b2ad28eed9b8f268') in 0.016847 seconds 
========================================================================
Received Import Request.
  Time since last request: 129.516429 seconds.
  path: Assets/4-0+ShapePivots.jpeg
  artifactKey: Guid(8c9ea84dd3ac3c74b94c19ef6b9e43b7) Importer(815301076,1909f56bfc062723c751e8b465ee728b)
Start importing Assets/4-0+ShapePivots.jpeg using Guid(8c9ea84dd3ac3c74b94c19ef6b9e43b7) Importer(815301076,1909f56bfc062723c751e8b465ee728b)  -> (artifact id: '836de40d3af7ece21c92107c8122931d') in 0.158424 seconds 
========================================================================
Received Import Request.
  Time since last request: 9.550779 seconds.
  path: Packages/com.unity.2d.path
  artifactKey: Guid(b408cb5710d3960a737996681ad0c300) Importer(815301076,1909f56bfc062723c751e8b465ee728b)
Start importing Packages/com.unity.2d.path using Guid(b408cb5710d3960a737996681ad0c300) Importer(815301076,1909f56bfc062723c751e8b465ee728b)  -> (artifact id: '5762a0cea76d48a7b0e0a05df9e8765c') in 0.010010 seconds 
========================================================================
Received Import Request.
  Time since last request: 1.029281 seconds.
  path: Packages/com.unity.2d.pixel-perfect
  artifactKey: Guid(915dabe870142d4eb34a5dbf62d6df68) Importer(815301076,1909f56bfc062723c751e8b465ee728b)
Start importing Packages/com.unity.2d.pixel-perfect using Guid(915dabe870142d4eb34a5dbf62d6df68) Importer(815301076,1909f56bfc062723c751e8b465ee728b)  -> (artifact id: 'c2d7d1dff75c218d0e33b7ddca8105ed') in 0.005610 seconds 
========================================================================
Received Import Request.
  Time since last request: 0.359977 seconds.
  path: Packages/com.unity.2d.sprite
  artifactKey: Guid(0901a6b758d060e9422c4f8d588d5895) Importer(815301076,1909f56bfc062723c751e8b465ee728b)
Start importing Packages/com.unity.2d.sprite using Guid(0901a6b758d060e9422c4f8d588d5895) Importer(815301076,1909f56bfc062723c751e8b465ee728b)  -> (artifact id: '2214c561e54f21afc32773d6d2893b48') in 0.006369 seconds 
========================================================================
Received Import Request.
  Time since last request: 1.665106 seconds.
  path: Packages/com.unity.timeline
  artifactKey: Guid(a4610cf559d77b9f256416d9ccaeac55) Importer(815301076,1909f56bfc062723c751e8b465ee728b)
Start importing Packages/com.unity.timeline using Guid(a4610cf559d77b9f256416d9ccaeac55) Importer(815301076,1909f56bfc062723c751e8b465ee728b)  -> (artifact id: '3be45df041d1e7c843b5ce010cfbbe2c') in 0.009148 seconds 
========================================================================
Received Import Request.
  Time since last request: 3.235010 seconds.
  path: Packages/com.unity.timeline/DocCodeExamples
  artifactKey: Guid(5486badfefef3eb47b45d071d232469d) Importer(815301076,1909f56bfc062723c751e8b465ee728b)
Start importing Packages/com.unity.timeline/DocCodeExamples using Guid(5486badfefef3eb47b45d071d232469d) Importer(815301076,1909f56bfc062723c751e8b465ee728b)  -> (artifact id: 'b7ddfa3b41503eb0f7b60c5307b95003') in 0.010363 seconds 
========================================================================
Received Import Request.
  Time since last request: 0.643589 seconds.
  path: Packages/com.unity.timeline/LICENSE.md
  artifactKey: Guid(6ecb9e17e44feb84cb80451fa27b09fe) Importer(815301076,1909f56bfc062723c751e8b465ee728b)
Start importing Packages/com.unity.timeline/LICENSE.md using Guid(6ecb9e17e44feb84cb80451fa27b09fe) Importer(815301076,1909f56bfc062723c751e8b465ee728b)  -> (artifact id: 'f33dc5de1cb44c60f28ef959680c60bf') in 0.015511 seconds 
========================================================================
Received Import Request.
  Time since last request: 0.834062 seconds.
  path: Packages/com.unity.timeline/Runtime
  artifactKey: Guid(efcf753a96a07b24dbe5f23a8ad5963d) Importer(815301076,1909f56bfc062723c751e8b465ee728b)
Start importing Packages/com.unity.timeline/Runtime using Guid(efcf753a96a07b24dbe5f23a8ad5963d) Importer(815301076,1909f56bfc062723c751e8b465ee728b)  -> (artifact id: '365f7dceb2367bd1a039b4c3ba10bbcb') in 0.008408 seconds 
========================================================================
Received Import Request.
  Time since last request: 770.194429 seconds.
  path: Assets/Scripts/Core/Board.cs
  artifactKey: Guid(fbf610401f13f8e4ea9b29b2541890a7) Importer(815301076,1909f56bfc062723c751e8b465ee728b)
Start importing Assets/Scripts/Core/Board.cs using Guid(fbf610401f13f8e4ea9b29b2541890a7) Importer(815301076,1909f56bfc062723c751e8b465ee728b)  -> (artifact id: 'ab6351d677fe7888f784b385412f6649') in 0.010254 seconds 
========================================================================
Received Prepare
Registering precompiled user dll's ...
Registered in 0.005394 seconds.
Begin MonoManager ReloadAssembly
Symbol file LoadedFromMemory doesn't match image D:\Sontt\My project\Tetris\Tetris\Library\PackageCache\com.unity.visualscripting@1.7.8\Editor\VisualScripting.Core\Dependencies\YamlDotNet\Unity.VisualScripting.YamlDotNet.dll
Symbol file LoadedFromMemory doesn't match image D:\Sontt\My project\Tetris\Tetris\Library\PackageCache\com.unity.visualscripting@1.7.8\Editor\VisualScripting.Core\Dependencies\DotNetZip\Unity.VisualScripting.IonicZip.dll
Native extension for WindowsStandalone target not found
Native extension for Android target not found
Refreshing native plugins compatible for Editor in 0.74 ms, found 4 plugins.
Preloading 0 native plugins for Editor in 0.00 ms.
Mono: successfully reloaded assembly
- Completed reload, in  1.361 seconds
Domain Reload Profiling:
	ReloadAssembly (1362ms)
		BeginReloadAssembly (235ms)
			ExecutionOrderSort (0ms)
			DisableScriptedObjects (11ms)
			BackupInstance (0ms)
			ReleaseScriptingObjects (0ms)
			CreateAndSetChildDomain (89ms)
		EndReloadAssembly (972ms)
			LoadAssemblies (132ms)
			RebuildTransferFunctionScriptingTraits (0ms)
			SetupTypeCache (328ms)
			ReleaseScriptCaches (2ms)
			RebuildScriptCaches (70ms)
			SetupLoadedEditorAssemblies (405ms)
				LogAssemblyErrors (0ms)
				InitializePlatformSupportModulesInManaged (25ms)
				SetLoadedEditorAssemblies (1ms)
				RefreshPlugins (1ms)
				BeforeProcessingInitializeOnLoad (78ms)
				ProcessInitializeOnLoadAttributes (242ms)
				ProcessInitializeOnLoadMethodAttributes (52ms)
				AfterProcessingInitializeOnLoad (7ms)
				EditorAssembliesLoaded (0ms)
			ExecutionOrderSort2 (0ms)
			AwakeInstancesAfterBackupRestoration (12ms)
Platform modules already initialized, skipping
Refreshing native plugins compatible for Editor in 3.00 ms, found 4 plugins.
Preloading 0 native plugins for Editor in 0.00 ms.
Unloading 4066 Unused Serialized files (Serialized files now loaded: 0)
Unloading 31 unused Assets / (190.8 KB). Loaded Objects now: 4543.
Memory consumption went from 155.9 MB to 155.7 MB.
Total: 4.511600 ms (FindLiveObjects: 0.352600 ms CreateObjectMapping: 0.235500 ms MarkObjects: 3.757600 ms  DeleteObjects: 0.164800 ms)

AssetImportParameters requested are different than current active one (requested -> active):
  custom:video-decoder-ogg-theora: a1e56fd34408186e4bbccfd4996cb3dc -> 
  custom:container-muxer-webm: aa71ff27fc2769a1b78a27578f13a17b -> 
  custom:container-demuxer-webm: 4f35f7cbe854078d1ac9338744f61a02 -> 
  custom:video-encoder-webm-vp8: eb34c28f22e8b96e1ab97ce403110664 -> 
  custom:audio-encoder-webm-vorbis: bf7c407c2cedff20999df2af8eb42d56 -> 
  custom:framework-win-MediaFoundation: 216162199b28c13a410421893ffa2e32 -> 
  custom:container-demuxer-ogg: 62fdf1f143b41e24485cea50d1cbac27 -> 
  custom:video-decoder-webm-vp8: 9c59270c3fd7afecdb556c50c9e8de78 -> 
  custom:audio-decoder-ogg-vorbis: bf7c407c2cedff20999df2af8eb42d56 -> 
========================================================================
Received Import Request.
  Time since last request: 474.655680 seconds.
  path: Assets/Scripts/Core/Shape.cs
  artifactKey: Guid(b963539b424ef094da737fa80dffeb2e) Importer(815301076,1909f56bfc062723c751e8b465ee728b)
Start importing Assets/Scripts/Core/Shape.cs using Guid(b963539b424ef094da737fa80dffeb2e) Importer(815301076,1909f56bfc062723c751e8b465ee728b)  -> (artifact id: '2dc73079da7ef61d90104394194e8596') in 0.009006 seconds 
========================================================================
Received Import Request.
  Time since last request: 4.570434 seconds.
  path: Assets/Prefabs/ShapeO.prefab
  artifactKey: Guid(4869ad2417b483f4da4d0c6565202ed0) Importer(815301076,1909f56bfc062723c751e8b465ee728b)
Start importing Assets/Prefabs/ShapeO.prefab using Guid(4869ad2417b483f4da4d0c6565202ed0) Importer(815301076,1909f56bfc062723c751e8b465ee728b)  -> (artifact id: '9ec72740d80a6c36bcea158f07bebec6') in 0.075103 seconds 
========================================================================
Received Import Request.
  Time since last request: 0.768824 seconds.
  path: Assets/Prefabs/ShapeT.prefab
  artifactKey: Guid(14f582b42a3c52d408c57c16989a7e3e) Importer(815301076,1909f56bfc062723c751e8b465ee728b)
Start importing Assets/Prefabs/ShapeT.prefab using Guid(14f582b42a3c52d408c57c16989a7e3e) Importer(815301076,1909f56bfc062723c751e8b465ee728b)  -> (artifact id: '8a3d5062393993e237b7ebce2ff1ba99') in 0.017722 seconds 
========================================================================
Received Import Request.
  Time since last request: 0.525080 seconds.
  path: Assets/Prefabs/ShapeZ.prefab
  artifactKey: Guid(30724c87f5633ae40a3d5a536ee3872e) Importer(815301076,1909f56bfc062723c751e8b465ee728b)
Start importing Assets/Prefabs/ShapeZ.prefab using Guid(30724c87f5633ae40a3d5a536ee3872e) Importer(815301076,1909f56bfc062723c751e8b465ee728b)  -> (artifact id: 'b3462ae3356ec63c312cd93209aaabb8') in 0.017473 seconds 
========================================================================
Received Import Request.
  Time since last request: 2.067833 seconds.
  path: Assets/Prefabs/ShapeO.prefab
  artifactKey: Guid(4869ad2417b483f4da4d0c6565202ed0) Importer(815301076,1909f56bfc062723c751e8b465ee728b)
Start importing Assets/Prefabs/ShapeO.prefab using Guid(4869ad2417b483f4da4d0c6565202ed0) Importer(815301076,1909f56bfc062723c751e8b465ee728b)  -> (artifact id: 'c260925c3e071d17d9ef0e1998ade9eb') in 0.029171 seconds 
